<?xml version="1.0" encoding="UTF-8"?>
<testng-results ignored="0" total="1" passed="1" failed="0" skipped="0">
  <reporter-output>
  </reporter-output>
  <suite started-at="2023-05-07T21:28:44 EEST" name="WPT" finished-at="2023-05-07T21:28:55 EEST" duration-ms="10920">
    <groups>
    </groups>
    <test started-at="2023-05-07T21:28:44 EEST" name="Dex-Trade - Pixel perfect regression" finished-at="2023-05-07T21:28:55 EEST" duration-ms="10920">
      <class name="tests.createAccountPageTests.FillFormTest">
        <test-method signature="test1()[pri:0, instance:tests.createAccountPageTests.FillFormTest@4aac85fa]" started-at="2023-05-07T21:28:45 EEST" name="test1" finished-at="2023-05-07T21:28:55 EEST" duration-ms="10731" status="PASS">
          <reporter-output>
          </reporter-output>
        </test-method> <!-- test1 -->
        <test-method is-config="true" signature="clearCookiesAndLocalStorage()[pri:0, instance:tests.createAccountPageTests.FillFormTest@4aac85fa]" started-at="2023-05-07T21:28:55 EEST" name="clearCookiesAndLocalStorage" finished-at="2023-05-07T21:28:55 EEST" duration-ms="133" status="PASS">
          <reporter-output>
          </reporter-output>
        </test-method> <!-- clearCookiesAndLocalStorage -->
        <test-method is-config="true" signature="close()[pri:0, instance:tests.createAccountPageTests.FillFormTest@4aac85fa]" started-at="2023-05-07T21:28:55 EEST" name="close" finished-at="2023-05-07T21:28:56 EEST" duration-ms="974" status="PASS">
          <reporter-output>
          </reporter-output>
        </test-method> <!-- close -->
      </class> <!-- tests.createAccountPageTests.FillFormTest -->
    </test> <!-- Dex-Trade - Pixel perfect regression -->
  </suite> <!-- WPT -->
</testng-results>
